This file contains any messages produced by compilers while
running configure, to aid debugging if configure makes a mistake.

It was created by chan_dongle configure 1.1, which was
generated by GNU Autoconf 2.63.  Invocation command line was

  $ ./configure --with-astversion=13.19.1

## --------- ##
## Platform. ##
## --------- ##

hostname = localhost.localdomain
uname -m = x86_64
uname -r = 2.6.32-642.6.2.el6.x86_64
uname -s = Linux
uname -v = #1 SMP Wed Oct 26 06:52:09 UTC 2016

/usr/bin/uname -p = unknown
/bin/uname -X     = unknown

/bin/arch              = x86_64
/usr/bin/arch -k       = unknown
/usr/convex/getsysinfo = unknown
/usr/bin/hostinfo      = unknown
/bin/machine           = unknown
/usr/bin/oslevel       = unknown
/bin/universe          = unknown

PATH: /usr/lib64/qt-3.3/bin
PATH: /usr/local/sbin
PATH: /usr/local/bin
PATH: /sbin
PATH: /bin
PATH: /usr/sbin
PATH: /usr/bin
PATH: /root/bin


## ----------- ##
## Core tests. ##
## ----------- ##

configure:1861: checking build system type
configure:1879: result: x86_64-unknown-linux-gnu
configure:1901: checking host system type
configure:1916: result: x86_64-unknown-linux-gnu
configure:1938: checking target system type
configure:1953: result: x86_64-unknown-linux-gnu
configure:1987: checking target system type
configure:2002: result: x86_64-unknown-linux-gnu
configure:2030: checking host system type
configure:2045: result: x86_64-unknown-linux-gnu
configure:2186: checking for gcc
configure:2202: found /usr/bin/gcc
configure:2213: result: gcc
configure:2247: checking for C compiler version
configure:2255: gcc --version >&5
gcc (GCC) 4.4.7 20120313 (Red Hat 4.4.7-11)
Copyright (C) 2010 Free Software Foundation, Inc.
This is free software; see the source for copying conditions.  There is NO
warranty; not even for MERCHANTABILITY or FITNESS FOR A PARTICULAR PURPOSE.

configure:2259: $? = 0
configure:2266: gcc -v >&5
Using built-in specs.
Target: x86_64-redhat-linux
Configured with: ../configure --prefix=/usr --mandir=/usr/share/man --infodir=/usr/share/info --with-bugurl=http://bugzilla.redhat.com/bugzilla --enable-bootstrap --enable-shared --enable-threads=posix --enable-checking=release --with-system-zlib --enable-__cxa_atexit --disable-libunwind-exceptions --enable-gnu-unique-object --enable-languages=c,c++,objc,obj-c++,java,fortran,ada --enable-java-awt=gtk --disable-dssi --with-java-home=/usr/lib/jvm/java-1.5.0-gcj-1.5.0.0/jre --enable-libgcj-multifile --enable-java-maintainer-mode --with-ecj-jar=/usr/share/java/eclipse-ecj.jar --disable-libjava-multilib --with-ppl --with-cloog --with-tune=generic --with-arch_32=i686 --build=x86_64-redhat-linux
Thread model: posix
gcc version 4.4.7 20120313 (Red Hat 4.4.7-11) (GCC) 
configure:2270: $? = 0
configure:2277: gcc -V >&5
gcc: '-V' option must have argument
configure:2281: $? = 1
configure:2304: checking for C compiler default output file name
configure:2326: gcc   -D_GNU_SOURCE  conftest.c  >&5
configure:2330: $? = 0
configure:2368: result: a.out
configure:2387: checking whether the C compiler works
configure:2397: ./a.out
configure:2401: $? = 0
configure:2420: result: yes
configure:2427: checking whether we are cross compiling
configure:2429: result: no
configure:2432: checking for suffix of executables
configure:2439: gcc -o conftest   -D_GNU_SOURCE  conftest.c  >&5
configure:2443: $? = 0
configure:2469: result: 
configure:2475: checking for suffix of object files
configure:2501: gcc -c   -D_GNU_SOURCE conftest.c >&5
configure:2505: $? = 0
configure:2530: result: o
configure:2534: checking whether we are using the GNU C compiler
configure:2563: gcc -c   -D_GNU_SOURCE conftest.c >&5
configure:2570: $? = 0
configure:2587: result: yes
configure:2596: checking whether gcc accepts -g
configure:2626: gcc -c -g  -D_GNU_SOURCE conftest.c >&5
configure:2633: $? = 0
configure:2734: result: yes
configure:2751: checking for gcc option to accept ISO C89
configure:2825: gcc  -c -g -O2  -D_GNU_SOURCE conftest.c >&5
configure:2832: $? = 0
configure:2855: result: none needed
configure:2878: checking how to run the C preprocessor
configure:2918: gcc -E  -D_GNU_SOURCE conftest.c
configure:2925: $? = 0
configure:2956: gcc -E  -D_GNU_SOURCE conftest.c
conftest.c:9:28: error: ac_nonexistent.h: No such file or directory
configure:2963: $? = 1
configure: failed program was:
| /* confdefs.h.  */
| #define PACKAGE_NAME "chan_dongle"
| #define PACKAGE_TARNAME "chan_dongle"
| #define PACKAGE_VERSION "1.1"
| #define PACKAGE_STRING "chan_dongle 1.1"
| #define PACKAGE_BUGREPORT "https://github.com/bg111/asterisk-chan-dongle/issues"
| #define ASTERISK_VERSION_NUM 131901
| /* end confdefs.h.  */
| #include <ac_nonexistent.h>
configure:2996: result: gcc -E
configure:3025: gcc -E  -D_GNU_SOURCE conftest.c
configure:3032: $? = 0
configure:3063: gcc -E  -D_GNU_SOURCE conftest.c
conftest.c:9:28: error: ac_nonexistent.h: No such file or directory
configure:3070: $? = 1
configure: failed program was:
| /* confdefs.h.  */
| #define PACKAGE_NAME "chan_dongle"
| #define PACKAGE_TARNAME "chan_dongle"
| #define PACKAGE_VERSION "1.1"
| #define PACKAGE_STRING "chan_dongle 1.1"
| #define PACKAGE_BUGREPORT "https://github.com/bg111/asterisk-chan-dongle/issues"
| #define ASTERISK_VERSION_NUM 131901
| /* end confdefs.h.  */
| #include <ac_nonexistent.h>
configure:3123: checking for a BSD-compatible install
configure:3191: result: /usr/bin/install -c
configure:3205: checking for strip
configure:3221: found /usr/bin/strip
configure:3232: result: strip
configure:3247: checking for rm
configure:3263: found /bin/rm
configure:3274: result: rm
configure:3289: checking for library containing iconv
configure:3330: gcc -o conftest -g -O2  -D_GNU_SOURCE  conftest.c  >&5
configure:3337: $? = 0
configure:3368: result: none required
configure:3378: checking for grep that handles long lines and -e
configure:3438: result: /bin/grep
configure:3443: checking for egrep
configure:3507: result: /bin/grep -E
configure:3512: checking for ANSI C header files
configure:3542: gcc -c -g -O2  -D_GNU_SOURCE conftest.c >&5
configure:3549: $? = 0
configure:3648: gcc -o conftest -g -O2  -D_GNU_SOURCE  conftest.c  >&5
configure:3652: $? = 0
configure:3658: ./conftest
configure:3662: $? = 0
configure:3680: result: yes
configure:3704: checking for sys/types.h
configure:3725: gcc -c -g -O2  -D_GNU_SOURCE conftest.c >&5
configure:3732: $? = 0
configure:3749: result: yes
configure:3704: checking for sys/stat.h
configure:3725: gcc -c -g -O2  -D_GNU_SOURCE conftest.c >&5
configure:3732: $? = 0
configure:3749: result: yes
configure:3704: checking for stdlib.h
configure:3725: gcc -c -g -O2  -D_GNU_SOURCE conftest.c >&5
configure:3732: $? = 0
configure:3749: result: yes
configure:3704: checking for string.h
configure:3725: gcc -c -g -O2  -D_GNU_SOURCE conftest.c >&5
configure:3732: $? = 0
configure:3749: result: yes
configure:3704: checking for memory.h
configure:3725: gcc -c -g -O2  -D_GNU_SOURCE conftest.c >&5
configure:3732: $? = 0
configure:3749: result: yes
configure:3704: checking for strings.h
configure:3725: gcc -c -g -O2  -D_GNU_SOURCE conftest.c >&5
configure:3732: $? = 0
configure:3749: result: yes
configure:3704: checking for inttypes.h
configure:3725: gcc -c -g -O2  -D_GNU_SOURCE conftest.c >&5
configure:3732: $? = 0
configure:3749: result: yes
configure:3704: checking for stdint.h
configure:3725: gcc -c -g -O2  -D_GNU_SOURCE conftest.c >&5
configure:3732: $? = 0
configure:3749: result: yes
configure:3704: checking for unistd.h
configure:3725: gcc -c -g -O2  -D_GNU_SOURCE conftest.c >&5
configure:3732: $? = 0
configure:3749: result: yes
configure:3783: checking fcntl.h usability
configure:3800: gcc -c -g -O2  -D_GNU_SOURCE conftest.c >&5
configure:3807: $? = 0
configure:3821: result: yes
configure:3825: checking fcntl.h presence
configure:3840: gcc -E  -D_GNU_SOURCE conftest.c
configure:3847: $? = 0
configure:3861: result: yes
configure:3894: checking for fcntl.h
configure:3903: result: yes
configure:3772: checking for stdlib.h
configure:3779: result: yes
configure:3772: checking for string.h
configure:3779: result: yes
configure:3783: checking sys/time.h usability
configure:3800: gcc -c -g -O2  -D_GNU_SOURCE conftest.c >&5
configure:3807: $? = 0
configure:3821: result: yes
configure:3825: checking sys/time.h presence
configure:3840: gcc -E  -D_GNU_SOURCE conftest.c
configure:3847: $? = 0
configure:3861: result: yes
configure:3894: checking for sys/time.h
configure:3903: result: yes
configure:3783: checking termios.h usability
configure:3800: gcc -c -g -O2  -D_GNU_SOURCE conftest.c >&5
configure:3807: $? = 0
configure:3821: result: yes
configure:3825: checking termios.h presence
configure:3840: gcc -E  -D_GNU_SOURCE conftest.c
configure:3847: $? = 0
configure:3861: result: yes
configure:3894: checking for termios.h
configure:3903: result: yes
configure:3924: checking whether asterisk.h in ../include
configure:4074: result: no
configure:3924: checking whether asterisk.h in /usr/include
configure:3929: result: yes
configure:3944: checking asterisk.h usability
configure:3961: gcc -c -g -O2  -D_GNU_SOURCE -I/usr/include conftest.c >&5
configure:3968: $? = 0
configure:3982: result: yes
configure:3986: checking asterisk.h presence
configure:4001: gcc -E  -D_GNU_SOURCE -I/usr/include conftest.c
configure:4008: $? = 0
configure:4022: result: yes
configure:4055: checking for asterisk.h
configure:4064: result: yes
configure:4088: checking whether iconv.h in /usr/include
configure:4093: result: yes
configure:4108: checking iconv.h usability
configure:4125: gcc -c -g -O2  -D_GNU_SOURCE -I/usr/include -I/usr/include conftest.c >&5
configure:4132: $? = 0
configure:4146: result: yes
configure:4150: checking iconv.h presence
configure:4165: gcc -E  -D_GNU_SOURCE -I/usr/include -I/usr/include conftest.c
configure:4172: $? = 0
configure:4186: result: yes
configure:4219: checking for iconv.h
configure:4228: result: yes
configure:4254: checking for iconv use const inbuf
configure:4276: result: no
configure:4283: checking for iconv_t in iconv.h
configure:4301: result: yes
configure:4319: checking for AST_CONTROL_SRCCHANGE in asterisk/frame.h
configure:4338: result: yes
configure:4351: checking for an ANSI C-conforming const
configure:4426: gcc -c -g -O2  -D_GNU_SOURCE -I/usr/include -I/usr/include conftest.c >&5
configure:4433: $? = 0
configure:4448: result: yes
configure:4458: checking for inline
configure:4484: gcc -c -g -O2  -D_GNU_SOURCE -I/usr/include -I/usr/include conftest.c >&5
configure:4491: $? = 0
configure:4509: result: inline
configure:4528: checking for size_t
configure:4556: gcc -c -g -O2  -D_GNU_SOURCE -I/usr/include -I/usr/include conftest.c >&5
configure:4563: $? = 0
configure:4590: gcc -c -g -O2  -D_GNU_SOURCE -I/usr/include -I/usr/include conftest.c >&5
conftest.c: In function 'main':
conftest.c:63: error: expected expression before ')' token
configure:4597: $? = 1
configure: failed program was:
| /* confdefs.h.  */
| #define PACKAGE_NAME "chan_dongle"
| #define PACKAGE_TARNAME "chan_dongle"
| #define PACKAGE_VERSION "1.1"
| #define PACKAGE_STRING "chan_dongle 1.1"
| #define PACKAGE_BUGREPORT "https://github.com/bg111/asterisk-chan-dongle/issues"
| #define ASTERISK_VERSION_NUM 131901
| #define STDC_HEADERS 1
| #define HAVE_SYS_TYPES_H 1
| #define HAVE_SYS_STAT_H 1
| #define HAVE_STDLIB_H 1
| #define HAVE_STRING_H 1
| #define HAVE_MEMORY_H 1
| #define HAVE_STRINGS_H 1
| #define HAVE_INTTYPES_H 1
| #define HAVE_STDINT_H 1
| #define HAVE_UNISTD_H 1
| #define HAVE_FCNTL_H 1
| #define HAVE_STDLIB_H 1
| #define HAVE_STRING_H 1
| #define HAVE_SYS_TIME_H 1
| #define HAVE_TERMIOS_H 1
| #define ICONV_CONST /**/
| #define ICONV_T iconv_t
| #define HAVE_AST_CONTROL_SRCCHANGE /**/
| /* end confdefs.h.  */
| #include <stdio.h>
| #ifdef HAVE_SYS_TYPES_H
| # include <sys/types.h>
| #endif
| #ifdef HAVE_SYS_STAT_H
| # include <sys/stat.h>
| #endif
| #ifdef STDC_HEADERS
| # include <stdlib.h>
| # include <stddef.h>
| #else
| # ifdef HAVE_STDLIB_H
| #  include <stdlib.h>
| # endif
| #endif
| #ifdef HAVE_STRING_H
| # if !defined STDC_HEADERS && defined HAVE_MEMORY_H
| #  include <memory.h>
| # endif
| # include <string.h>
| #endif
| #ifdef HAVE_STRINGS_H
| # include <strings.h>
| #endif
| #ifdef HAVE_INTTYPES_H
| # include <inttypes.h>
| #endif
| #ifdef HAVE_STDINT_H
| # include <stdint.h>
| #endif
| #ifdef HAVE_UNISTD_H
| # include <unistd.h>
| #endif
| int
| main ()
| {
| if (sizeof ((size_t)))
| 	  return 0;
|   ;
|   return 0;
| }
configure:4620: result: yes
configure:4632: checking for ssize_t
configure:4660: gcc -c -g -O2  -D_GNU_SOURCE -I/usr/include -I/usr/include conftest.c >&5
configure:4667: $? = 0
configure:4694: gcc -c -g -O2  -D_GNU_SOURCE -I/usr/include -I/usr/include conftest.c >&5
conftest.c: In function 'main':
conftest.c:63: error: expected expression before ')' token
configure:4701: $? = 1
configure: failed program was:
| /* confdefs.h.  */
| #define PACKAGE_NAME "chan_dongle"
| #define PACKAGE_TARNAME "chan_dongle"
| #define PACKAGE_VERSION "1.1"
| #define PACKAGE_STRING "chan_dongle 1.1"
| #define PACKAGE_BUGREPORT "https://github.com/bg111/asterisk-chan-dongle/issues"
| #define ASTERISK_VERSION_NUM 131901
| #define STDC_HEADERS 1
| #define HAVE_SYS_TYPES_H 1
| #define HAVE_SYS_STAT_H 1
| #define HAVE_STDLIB_H 1
| #define HAVE_STRING_H 1
| #define HAVE_MEMORY_H 1
| #define HAVE_STRINGS_H 1
| #define HAVE_INTTYPES_H 1
| #define HAVE_STDINT_H 1
| #define HAVE_UNISTD_H 1
| #define HAVE_FCNTL_H 1
| #define HAVE_STDLIB_H 1
| #define HAVE_STRING_H 1
| #define HAVE_SYS_TIME_H 1
| #define HAVE_TERMIOS_H 1
| #define ICONV_CONST /**/
| #define ICONV_T iconv_t
| #define HAVE_AST_CONTROL_SRCCHANGE /**/
| /* end confdefs.h.  */
| #include <stdio.h>
| #ifdef HAVE_SYS_TYPES_H
| # include <sys/types.h>
| #endif
| #ifdef HAVE_SYS_STAT_H
| # include <sys/stat.h>
| #endif
| #ifdef STDC_HEADERS
| # include <stdlib.h>
| # include <stddef.h>
| #else
| # ifdef HAVE_STDLIB_H
| #  include <stdlib.h>
| # endif
| #endif
| #ifdef HAVE_STRING_H
| # if !defined STDC_HEADERS && defined HAVE_MEMORY_H
| #  include <memory.h>
| # endif
| # include <string.h>
| #endif
| #ifdef HAVE_STRINGS_H
| # include <strings.h>
| #endif
| #ifdef HAVE_INTTYPES_H
| # include <inttypes.h>
| #endif
| #ifdef HAVE_STDINT_H
| # include <stdint.h>
| #endif
| #ifdef HAVE_UNISTD_H
| # include <unistd.h>
| #endif
| int
| main ()
| {
| if (sizeof ((ssize_t)))
| 	  return 0;
|   ;
|   return 0;
| }
configure:4724: result: yes
configure:4737: checking for uint64_t
configure:4768: gcc -c -g -O2  -D_GNU_SOURCE -I/usr/include -I/usr/include conftest.c >&5
configure:4775: $? = 0
configure:4796: result: yes
configure:4820: checking whether CC supports -fvisibility=hidden
configure:4843: gcc -c -fvisibility=hidden  -D_GNU_SOURCE -I/usr/include -I/usr/include conftest.c >&5
configure:4850: $? = 0
configure:4855: result: yes
configure:4876: checking whether CC supports -fPIC
configure:4899: gcc -c -fPIC  -D_GNU_SOURCE -I/usr/include -I/usr/include conftest.c >&5
configure:4906: $? = 0
configure:4911: result: yes
configure:4929: checking whether CC supports -Wall
configure:4952: gcc -c -Wall  -D_GNU_SOURCE -I/usr/include -I/usr/include conftest.c >&5
configure:4959: $? = 0
configure:4964: result: yes
configure:4982: checking whether CC supports -Wextra
configure:5005: gcc -c -Wextra  -D_GNU_SOURCE -I/usr/include -I/usr/include conftest.c >&5
configure:5012: $? = 0
configure:5017: result: yes
configure:5035: checking whether CC supports -MD -MT conftest.o -MF /dev/null -MP
configure:5058: gcc -c -MD -MT conftest.o -MF /dev/null -MP  -D_GNU_SOURCE -I/usr/include -I/usr/include conftest.c >&5
configure:5065: $? = 0
configure:5070: result: yes
configure:5094: checking whether DESTDIR is /usr/lib/asterisk/modules
configure:5103: result: no
configure:5094: checking whether DESTDIR is /usr/lib64/asterisk/modules
configure:5097: result: yes
configure:5114: checking for working memcmp
configure:5167: gcc -o conftest -g -O2  -D_GNU_SOURCE -I/usr/include -I/usr/include  conftest.c  >&5
configure:5171: $? = 0
configure:5177: ./conftest
configure:5181: $? = 0
configure:5198: result: yes
configure:5219: checking for memchr
configure:5275: gcc -o conftest -g -O2  -D_GNU_SOURCE -I/usr/include -I/usr/include  conftest.c  >&5
conftest.c:50: warning: conflicting types for built-in function 'memchr'
configure:5282: $? = 0
configure:5304: result: yes
configure:5219: checking for memmove
configure:5275: gcc -o conftest -g -O2  -D_GNU_SOURCE -I/usr/include -I/usr/include  conftest.c  >&5
conftest.c:51: warning: conflicting types for built-in function 'memmove'
configure:5282: $? = 0
configure:5304: result: yes
configure:5219: checking for memset
configure:5275: gcc -o conftest -g -O2  -D_GNU_SOURCE -I/usr/include -I/usr/include  conftest.c  >&5
conftest.c:52: warning: conflicting types for built-in function 'memset'
configure:5282: $? = 0
configure:5304: result: yes
configure:5219: checking for memmem
configure:5275: gcc -o conftest -g -O2  -D_GNU_SOURCE -I/usr/include -I/usr/include  conftest.c  >&5
configure:5282: $? = 0
configure:5304: result: yes
configure:5219: checking for strcasecmp
configure:5275: gcc -o conftest -g -O2  -D_GNU_SOURCE -I/usr/include -I/usr/include  conftest.c  >&5
conftest.c:54: warning: conflicting types for built-in function 'strcasecmp'
configure:5282: $? = 0
configure:5304: result: yes
configure:5219: checking for strchr
configure:5275: gcc -o conftest -g -O2  -D_GNU_SOURCE -I/usr/include -I/usr/include  conftest.c  >&5
conftest.c:55: warning: conflicting types for built-in function 'strchr'
configure:5282: $? = 0
configure:5304: result: yes
configure:5219: checking for strncasecmp
configure:5275: gcc -o conftest -g -O2  -D_GNU_SOURCE -I/usr/include -I/usr/include  conftest.c  >&5
conftest.c:56: warning: conflicting types for built-in function 'strncasecmp'
configure:5282: $? = 0
configure:5304: result: yes
configure:5219: checking for strtol
configure:5275: gcc -o conftest -g -O2  -D_GNU_SOURCE -I/usr/include -I/usr/include  conftest.c  >&5
configure:5282: $? = 0
configure:5304: result: yes
configure:5219: checking for realpath
configure:5275: gcc -o conftest -g -O2  -D_GNU_SOURCE -I/usr/include -I/usr/include  conftest.c  >&5
configure:5282: $? = 0
configure:5304: result: yes
configure:5505: creating ./config.status

## ---------------------- ##
## Running config.status. ##
## ---------------------- ##

This file was extended by chan_dongle config.status 1.1, which was
generated by GNU Autoconf 2.63.  Invocation command line was

  CONFIG_FILES    = 
  CONFIG_HEADERS  = 
  CONFIG_LINKS    = 
  CONFIG_COMMANDS = 
  $ ./config.status 

on localhost.localdomain

config.status:770: creating stamp-h
config.status:770: creating Makefile
config.status:770: creating config.h

## ---------------- ##
## Cache variables. ##
## ---------------- ##

ac_cv_build=x86_64-unknown-linux-gnu
ac_cv_c_compiler_gnu=yes
ac_cv_c_const=yes
ac_cv_c_inline=inline
ac_cv_c_uint64_t=yes
ac_cv_env_CC_set=
ac_cv_env_CC_value=
ac_cv_env_CFLAGS_set=
ac_cv_env_CFLAGS_value=
ac_cv_env_CPPFLAGS_set=
ac_cv_env_CPPFLAGS_value=
ac_cv_env_CPP_set=
ac_cv_env_CPP_value=
ac_cv_env_LDFLAGS_set=
ac_cv_env_LDFLAGS_value=
ac_cv_env_LIBS_set=
ac_cv_env_LIBS_value=
ac_cv_env_build_alias_set=
ac_cv_env_build_alias_value=
ac_cv_env_host_alias_set=
ac_cv_env_host_alias_value=
ac_cv_env_target_alias_set=
ac_cv_env_target_alias_value=
ac_cv_func_memchr=yes
ac_cv_func_memcmp_working=yes
ac_cv_func_memmem=yes
ac_cv_func_memmove=yes
ac_cv_func_memset=yes
ac_cv_func_realpath=yes
ac_cv_func_strcasecmp=yes
ac_cv_func_strchr=yes
ac_cv_func_strncasecmp=yes
ac_cv_func_strtol=yes
ac_cv_header_asterisk_h=yes
ac_cv_header_fcntl_h=yes
ac_cv_header_iconv_h=yes
ac_cv_header_inttypes_h=yes
ac_cv_header_memory_h=yes
ac_cv_header_stdc=yes
ac_cv_header_stdint_h=yes
ac_cv_header_stdlib_h=yes
ac_cv_header_string_h=yes
ac_cv_header_strings_h=yes
ac_cv_header_sys_stat_h=yes
ac_cv_header_sys_time_h=yes
ac_cv_header_sys_types_h=yes
ac_cv_header_termios_h=yes
ac_cv_header_unistd_h=yes
ac_cv_host=x86_64-unknown-linux-gnu
ac_cv_objext=o
ac_cv_path_EGREP='/bin/grep -E'
ac_cv_path_GREP=/bin/grep
ac_cv_path_install='/usr/bin/install -c'
ac_cv_prog_CPP='gcc -E'
ac_cv_prog_RM=rm
ac_cv_prog_STRIP=strip
ac_cv_prog_ac_ct_CC=gcc
ac_cv_prog_cc_c89=
ac_cv_prog_cc_g=yes
ac_cv_search_iconv='none required'
ac_cv_target=x86_64-unknown-linux-gnu
ac_cv_type_size_t=yes
ac_cv_type_ssize_t=yes

## ----------------- ##
## Output variables. ##
## ----------------- ##

AC_CFLAGS=' -fvisibility=hidden -fPIC -Wall -Wextra -MD -MT $@ -MF .$(subst /,_,$@).d -MP'
CC='gcc'
CFLAGS='-g -O2 -O6 -Wno-old-style-declaration'
CPP='gcc -E'
CPPFLAGS=' -D_GNU_SOURCE -I/usr/include -I/usr/include'
DEFS='-DHAVE_CONFIG_H'
DESTDIR='/usr/lib64/asterisk/modules'
ECHO_C=''
ECHO_N='-n'
ECHO_T=''
EGREP='/bin/grep -E'
EXEEXT=''
GREP='/bin/grep'
INSTALL_DATA='${INSTALL} -m 644'
INSTALL_PROGRAM='${INSTALL}'
INSTALL_SCRIPT='${INSTALL}'
LDFLAGS=' '
LIBOBJS=''
LIBS=''
LTLIBOBJS=''
OBJEXT='o'
PACKAGE_BUGREPORT='https://github.com/bg111/asterisk-chan-dongle/issues'
PACKAGE_NAME='chan_dongle'
PACKAGE_REVISION='43gh=47cg'
PACKAGE_STRING='chan_dongle 1.1'
PACKAGE_TARNAME='chan_dongle'
PACKAGE_VERSION='1.1'
PATH_SEPARATOR=':'
RM='rm'
SHELL='/bin/sh'
SOLINK='-shared -Xlinker -x'
STRIP='strip'
TARGET='chan_dongle.so'
ac_ct_CC='gcc'
bindir='${exec_prefix}/bin'
build='x86_64-unknown-linux-gnu'
build_alias=''
build_cpu='x86_64'
build_os='linux-gnu'
build_vendor='unknown'
datadir='${datarootdir}'
datarootdir='${prefix}/share'
docdir='${datarootdir}/doc/${PACKAGE_TARNAME}'
dvidir='${docdir}'
exec_prefix='${prefix}'
host='x86_64-unknown-linux-gnu'
host_alias=''
host_cpu='x86_64'
host_os='linux-gnu'
host_vendor='unknown'
htmldir='${docdir}'
includedir='${prefix}/include'
infodir='${datarootdir}/info'
libdir='${exec_prefix}/lib'
libexecdir='${exec_prefix}/libexec'
localedir='${datarootdir}/locale'
localstatedir='${prefix}/var'
mandir='${datarootdir}/man'
oldincludedir='/usr/include'
pdfdir='${docdir}'
prefix='/usr/local'
program_transform_name='s,x,x,'
psdir='${docdir}'
sbindir='${exec_prefix}/sbin'
sharedstatedir='${prefix}/com'
sysconfdir='${prefix}/etc'
target='x86_64-unknown-linux-gnu'
target_alias=''
target_cpu='x86_64'
target_os='linux-gnu'
target_vendor='unknown'

## ----------- ##
## confdefs.h. ##
## ----------- ##

#define PACKAGE_NAME "chan_dongle"
#define PACKAGE_TARNAME "chan_dongle"
#define PACKAGE_VERSION "1.1"
#define PACKAGE_STRING "chan_dongle 1.1"
#define PACKAGE_BUGREPORT "https://github.com/bg111/asterisk-chan-dongle/issues"
#define ASTERISK_VERSION_NUM 131901
#define STDC_HEADERS 1
#define HAVE_SYS_TYPES_H 1
#define HAVE_SYS_STAT_H 1
#define HAVE_STDLIB_H 1
#define HAVE_STRING_H 1
#define HAVE_MEMORY_H 1
#define HAVE_STRINGS_H 1
#define HAVE_INTTYPES_H 1
#define HAVE_STDINT_H 1
#define HAVE_UNISTD_H 1
#define HAVE_FCNTL_H 1
#define HAVE_STDLIB_H 1
#define HAVE_STRING_H 1
#define HAVE_SYS_TIME_H 1
#define HAVE_TERMIOS_H 1
#define ICONV_CONST /**/
#define ICONV_T iconv_t
#define HAVE_AST_CONTROL_SRCCHANGE /**/
#define HAVE_MEMCHR 1
#define HAVE_MEMMOVE 1
#define HAVE_MEMSET 1
#define HAVE_MEMMEM 1
#define HAVE_STRCASECMP 1
#define HAVE_STRCHR 1
#define HAVE_STRNCASECMP 1
#define HAVE_STRTOL 1
#define HAVE_REALPATH 1
#define BUILD_MANAGER 1
#define BUILD_APPLICATIONS 1
#define MODULE_BUGREPORT "https://github.com/bg111/asterisk-chan-dongle/issues"
#define MODULE_URL ""
#define MODULE_VERSION "1.1"
#define AST_MODULE "chan_dongle"
#define PACKAGE_REVISION "43gh=47cg"

configure: exit 0
